Determining if the pthread_create exist failed with the following output:
Change Dir: /home/mscvadmin/st_record_system/src/build/CMakeFiles/CMakeTmp

Run Build Command:"/usr/bin/make" "cmTC_a7a4d/fast"
/usr/bin/make -f CMakeFiles/cmTC_a7a4d.dir/build.make CMakeFiles/cmTC_a7a4d.dir/build
make[1]: Entering directory `/home/mscvadmin/st_record_system/src/build/CMakeFiles/CMakeTmp'
Building C object CMakeFiles/cmTC_a7a4d.dir/CheckSymbolExists.c.o
/usr/bin/cc     -o CMakeFiles/cmTC_a7a4d.dir/CheckSymbolExists.c.o   -c /home/mscvadmin/st_record_system/src/build/CMakeFiles/CMakeTmp/CheckSymbolExists.c
Linking C executable cmTC_a7a4d
/usr/local/bin/cmake -E cmake_link_script CMakeFiles/cmTC_a7a4d.dir/link.txt --verbose=1
/usr/bin/cc       CMakeFiles/cmTC_a7a4d.dir/CheckSymbolExists.c.o  -o cmTC_a7a4d 
CMakeFiles/cmTC_a7a4d.dir/CheckSymbolExists.c.o: In function `main':
CheckSymbolExists.c:(.text+0x16): undefined reference to `pthread_create'
collect2: error: ld returned 1 exit status
make[1]: *** [cmTC_a7a4d] Error 1
make[1]: Leaving directory `/home/mscvadmin/st_record_system/src/build/CMakeFiles/CMakeTmp'
make: *** [cmTC_a7a4d/fast] Error 2

File /home/mscvadmin/st_record_system/src/build/CMakeFiles/CMakeTmp/CheckSymbolExists.c:
/* */
#include <pthread.h>

int main(int argc, char** argv)
{
  (void)argv;
#ifndef pthread_create
  return ((int*)(&pthread_create))[argc];
#else
  (void)argc;
  return 0;
#endif
}

Determining if the function pthread_create exists in the pthreads failed with the following output:
Change Dir: /home/mscvadmin/st_record_system/src/build/CMakeFiles/CMakeTmp

Run Build Command:"/usr/bin/make" "cmTC_846d1/fast"
/usr/bin/make -f CMakeFiles/cmTC_846d1.dir/build.make CMakeFiles/cmTC_846d1.dir/build
make[1]: Entering directory `/home/mscvadmin/st_record_system/src/build/CMakeFiles/CMakeTmp'
Building C object CMakeFiles/cmTC_846d1.dir/CheckFunctionExists.c.o
/usr/bin/cc    -DCHECK_FUNCTION_EXISTS=pthread_create   -o CMakeFiles/cmTC_846d1.dir/CheckFunctionExists.c.o   -c /usr/local/share/cmake-3.6/Modules/CheckFunctionExists.c
Linking C executable cmTC_846d1
/usr/local/bin/cmake -E cmake_link_script CMakeFiles/cmTC_846d1.dir/link.txt --verbose=1
/usr/bin/cc   -DCHECK_FUNCTION_EXISTS=pthread_create    CMakeFiles/cmTC_846d1.dir/CheckFunctionExists.c.o  -o cmTC_846d1 -lpthreads 
/usr/bin/ld: cannot find -lpthreads
collect2: error: ld returned 1 exit status
make[1]: *** [cmTC_846d1] Error 1
make[1]: Leaving directory `/home/mscvadmin/st_record_system/src/build/CMakeFiles/CMakeTmp'
make: *** [cmTC_846d1/fast] Error 2


